16:34:23.796 [main] DEBUG org.apache.poi.openxml4j.opc.ZipPackage - Save part 'xl/worksheets/sheet1.xml'
16:34:24.069 [main] INFO  baseTest.BaseClass - *********Move to EMI Calculator menu**********
16:34:26.302 [main] INFO  baseTest.BaseClass - *********Enter the Valid Inputs**********
16:34:28.769 [main] INFO  baseTest.BaseClass - *********Checking the UI of Loan Calculator Page**********
16:34:29.537 [main] INFO  baseTest.BaseClass - Validating the Expected message!
16:34:29.774 [main] INFO  baseTest.BaseClass - *********Check the changes in Slider**********
16:34:30.814 [main] INFO  baseTest.BaseClass - *********Move to Emi Calculator Page**********
16:34:33.217 [main] INFO  baseTest.BaseClass - *********Enter the Valid Inputs**********
16:34:36.345 [main] INFO  baseTest.BaseClass - *********Checking the UI of EMI Calculator Page**********
16:34:37.164 [main] INFO  baseTest.BaseClass - Validating the Expected message!
16:34:37.375 [main] INFO  baseTest.BaseClass - *********Check the changes in Slider**********
16:34:38.046 [main] INFO  baseTest.BaseClass - *********Move to Loan Tenure Calculator Page**********
16:34:39.862 [main] INFO  baseTest.BaseClass - *********Checking the UI of EMI Calculator Page**********
16:34:40.556 [main] INFO  baseTest.BaseClass - Validating the Expected message!
17:01:44.901 [TestNG-tests-1] INFO  testCases.TestCase - ********Starting TestCase Car Loan Validation*********
17:01:45.229 [TestNG-tests-1] INFO  testCases.TestCase - Entering the valid inputs..
17:01:48.031 [TestNG-tests-1] INFO  testCases.TestCase - Getting the data of Principal and Interest Amount..
17:01:48.196 [TestNG-tests-1] INFO  testCases.TestCase - Validating the Expected message!
17:01:48.253 [TestNG-tests-1] INFO  testCases.TestCase - ********Finished TestCase Car Loan Validation*********
17:01:48.306 [TestNG-tests-1] INFO  testCases.TestCase - ********Starting TestCase Home Loan Validation*********
17:01:50.528 [TestNG-tests-1] INFO  testCases.TestCase - Entering the valid inputs..
17:01:55.638 [TestNG-tests-1] INFO  testCases.TestCase - Extract the data from table..
17:02:09.230 [TestNG-tests-1] DEBUG org.apache.poi.openxml4j.opc.ZipPackage - Save core properties part
17:02:09.231 [TestNG-tests-1] DEBUG org.apache.poi.openxml4j.opc.ZipPackage - Save content types part
17:02:09.456 [TestNG-tests-1] DEBUG org.apache.poi.openxml4j.opc.ZipPackage - Save package relationships
17:02:09.467 [TestNG-tests-1] DEBUG org.apache.poi.openxml4j.opc.ZipPackage - Save part 'docProps/app.xml'
17:02:09.472 [TestNG-tests-1] DEBUG org.apache.poi.openxml4j.opc.ZipPackage - Save part 'docProps/core.xml'
17:02:09.484 [TestNG-tests-1] DEBUG org.apache.poi.openxml4j.opc.ZipPackage - Save part 'xl/sharedStrings.xml'
17:02:09.485 [TestNG-tests-1] DEBUG org.apache.poi.openxml4j.opc.ZipPackage - Save part 'xl/styles.xml'
17:02:09.486 [TestNG-tests-1] DEBUG org.apache.poi.openxml4j.opc.ZipPackage - Save part 'xl/workbook.xml'
17:02:09.490 [TestNG-tests-1] DEBUG org.apache.poi.openxml4j.opc.ZipPackage - Save part 'xl/worksheets/sheet1.xml'
17:02:09.516 [TestNG-tests-1] DEBUG org.apache.poi.openxml4j.opc.ZipPackage - Save content types part
17:02:09.519 [TestNG-tests-1] DEBUG org.apache.poi.openxml4j.opc.ZipPackage - Save package relationships
17:02:09.522 [TestNG-tests-1] DEBUG org.apache.poi.openxml4j.opc.ZipPackage - Save part 'docProps/app.xml'
17:02:09.522 [TestNG-tests-1] DEBUG org.apache.poi.openxml4j.opc.ZipPackage - Save part 'docProps/core.xml'
17:02:09.525 [TestNG-tests-1] DEBUG org.apache.poi.openxml4j.opc.ZipPackage - Save part 'xl/sharedStrings.xml'
17:02:09.526 [TestNG-tests-1] DEBUG org.apache.poi.openxml4j.opc.ZipPackage - Save part 'xl/styles.xml'
17:02:09.527 [TestNG-tests-1] DEBUG org.apache.poi.openxml4j.opc.ZipPackage - Save part 'xl/workbook.xml'
17:02:09.530 [TestNG-tests-1] DEBUG org.apache.poi.openxml4j.opc.ZipPackage - Save part 'xl/worksheets/sheet1.xml'
17:02:09.534 [TestNG-tests-1] INFO  testCases.TestCase - ********Finished TestCase Home Loan Validation*********
17:02:09.541 [TestNG-tests-1] INFO  testCases.TestCase - ********Starting TestCase UI Check in EMI Calculator*********
17:02:11.315 [TestNG-tests-1] INFO  testCases.TestCase - Entering the valid inputs..
17:02:12.529 [TestNG-tests-1] INFO  testCases.TestCase - Checking the UI of TextBox and Scales ..
17:02:13.083 [TestNG-tests-1] INFO  testCases.TestCase - Validating the Expected message!
17:02:13.083 [TestNG-tests-1] INFO  testCases.TestCase - ********Finished TestCase UI Check in EMI Calculator*********
17:02:13.088 [TestNG-tests-1] INFO  testCases.TestCase - ********Starting TestCase EMI Calculator*********
17:02:13.175 [TestNG-tests-1] INFO  testCases.TestCase - Clicked on year button..
17:02:13.374 [TestNG-tests-1] INFO  testCases.TestCase - Clicked on month button..
17:02:13.617 [TestNG-tests-1] INFO  testCases.TestCase - Validating the Expected message!
17:02:13.618 [TestNG-tests-1] INFO  testCases.TestCase - ********Finished TestCase EMI Calculator*********
